<?xml version="1.0" encoding="UTF-8"?>
<!-- Generated by org.testng.reporters.JUnitReportReporter -->
<testsuite hostname="LAPTOP-NN0EOSGE" failures="0" tests="1" name="com.Testrunner.RunnerCucumberTest" time="36.846" errors="0" timestamp="2023-04-14T11:46:24 IST" skipped="0">
  <testcase classname="com.Testrunner.RunnerCucumberTest" name="runScenario" time="36.846"/>
  <system-out/>
</testsuite> <!-- com.Testrunner.RunnerCucumberTest -->
