<?xml version="1.0" encoding="UTF-8"?>
<!-- Generated by org.testng.reporters.JUnitReportReporter -->
<testsuite hostname="LAPTOP-NN0EOSGE" failures="0" tests="3" name="com.qa.opencart.tests.LoginPageTest" time="4.734" errors="0" timestamp="2023-04-03T19:08:30 IST" skipped="0">
  <testcase classname="com.qa.opencart.tests.LoginPageTest" name="loginTest" time="4.661"/>
  <system-out/>
  <testcase classname="com.qa.opencart.tests.LoginPageTest" name="loginPageTitleTest" time="0.018"/>
  <system-out/>
  <testcase classname="com.qa.opencart.tests.LoginPageTest" name="loginlinktest" time="0.055"/>
  <system-out/>
</testsuite> <!-- com.qa.opencart.tests.LoginPageTest -->
