<?xml version="1.0" encoding="UTF-8"?>
<!-- Generated by org.testng.reporters.JUnitReportReporter -->
<testsuite hostname="LAPTOP-NN0EOSGE" failures="0" tests="3" name="com.qa.opencart.tests.LoginPageTest" time="4.477" errors="0" timestamp="2023-04-13T16:53:07 IST" skipped="0">
  <testcase classname="com.qa.opencart.tests.LoginPageTest" name="loginTest" time="4.411"/>
  <system-out/>
  <testcase classname="com.qa.opencart.tests.LoginPageTest" name="loginPageTitleTest" time="0.016"/>
  <system-out/>
  <testcase classname="com.qa.opencart.tests.LoginPageTest" name="loginlinktest" time="0.050"/>
  <system-out/>
</testsuite> <!-- com.qa.opencart.tests.LoginPageTest -->
